mode: set
my-new-project/internal/adapters/http/modules/auth/handlers/auth_handler.go:17.62,19.2 1 1
my-new-project/internal/adapters/http/modules/auth/handlers/auth_handler.go:22.58,29.2 6 1
my-new-project/internal/adapters/http/modules/auth/handlers/auth_handler.go:31.70,33.64 2 1
my-new-project/internal/adapters/http/modules/auth/handlers/auth_handler.go:33.64,36.3 2 0
my-new-project/internal/adapters/http/modules/auth/handlers/auth_handler.go:38.2,38.54 1 1
my-new-project/internal/adapters/http/modules/auth/handlers/auth_handler.go:38.54,41.3 2 0
my-new-project/internal/adapters/http/modules/auth/handlers/auth_handler.go:43.2,44.35 2 1
my-new-project/internal/adapters/http/modules/auth/handlers/auth_handler.go:47.71,50.16 3 1
my-new-project/internal/adapters/http/modules/auth/handlers/auth_handler.go:50.16,53.3 2 0
my-new-project/internal/adapters/http/modules/auth/handlers/auth_handler.go:55.2,56.16 2 1
my-new-project/internal/adapters/http/modules/auth/handlers/auth_handler.go:56.16,59.3 2 0
my-new-project/internal/adapters/http/modules/auth/handlers/auth_handler.go:61.2,62.35 2 1
my-new-project/internal/adapters/http/modules/auth/handlers/auth_handler.go:65.70,68.16 3 1
my-new-project/internal/adapters/http/modules/auth/handlers/auth_handler.go:68.16,71.3 2 0
my-new-project/internal/adapters/http/modules/auth/handlers/auth_handler.go:73.2,74.64 2 1
my-new-project/internal/adapters/http/modules/auth/handlers/auth_handler.go:74.64,77.3 2 0
my-new-project/internal/adapters/http/modules/auth/handlers/auth_handler.go:79.2,80.54 2 1
my-new-project/internal/adapters/http/modules/auth/handlers/auth_handler.go:80.54,83.3 2 0
my-new-project/internal/adapters/http/modules/auth/handlers/auth_handler.go:85.2,86.35 2 1
my-new-project/internal/adapters/http/modules/auth/handlers/auth_handler.go:89.70,92.16 3 1
my-new-project/internal/adapters/http/modules/auth/handlers/auth_handler.go:92.16,95.3 2 0
my-new-project/internal/adapters/http/modules/auth/handlers/auth_handler.go:97.2,97.55 1 1
my-new-project/internal/adapters/http/modules/auth/handlers/auth_handler.go:97.55,100.3 2 0
my-new-project/internal/adapters/http/modules/auth/handlers/auth_handler.go:102.2,102.37 1 1
my-new-project/internal/adapters/http/modules/auth/handlers/auth_handler.go:105.68,107.16 2 1
my-new-project/internal/adapters/http/modules/auth/handlers/auth_handler.go:107.16,110.3 2 0
my-new-project/internal/adapters/http/modules/auth/handlers/auth_handler.go:112.2,113.37 2 1
my-new-project/internal/adapters/http/modules/auth/module.go:14.28,22.2 1 1
my-new-project/cmd/server/main.go:36.53,43.2 1 0
my-new-project/cmd/server/main.go:45.40,46.80 1 0
my-new-project/cmd/server/main.go:46.80,48.2 1 0
my-new-project/cmd/server/main.go:49.1,49.11 1 0
my-new-project/cmd/server/main.go:52.62,54.2 1 0
my-new-project/cmd/server/main.go:58.40,60.2 1 0
my-new-project/cmd/server/main.go:62.58,64.2 1 0
my-new-project/cmd/server/main.go:66.59,67.41 1 0
my-new-project/cmd/server/main.go:67.41,69.2 1 0
my-new-project/cmd/server/main.go:70.1,70.30 1 0
my-new-project/cmd/server/main.go:73.13,74.75 1 0
my-new-project/cmd/server/main.go:74.75,76.2 1 0
my-new-project/cmd/server/main.go:79.87,91.105 3 1
my-new-project/cmd/server/main.go:91.105,105.38 8 1
my-new-project/cmd/server/main.go:105.38,106.11 1 1
my-new-project/cmd/server/main.go:106.11,107.38 1 1
my-new-project/cmd/server/main.go:107.38,109.2 1 0
my-new-project/cmd/server/main.go:111.1,111.11 1 1
my-new-project/cmd/server/main.go:113.41,115.2 1 1
my-new-project/cmd/server/main.go:120.1,120.38 1 1
my-new-project/cmd/server/main.go:120.38,122.2 1 0
my-new-project/cmd/server/main.go:124.1,129.29 4 1
my-new-project/cmd/server/main.go:132.32,135.75 2 1
my-new-project/cmd/server/main.go:135.75,138.2 2 1
my-new-project/cmd/server/main.go:140.1,140.14 1 1
my-new-project/internal/adapters/http/modules/auth/service/auth_service.go:12.68,14.2 1 1
my-new-project/internal/adapters/http/modules/auth/service/auth_service.go:16.61,18.2 1 1
my-new-project/internal/adapters/http/modules/auth/service/auth_service.go:20.66,22.2 1 1
my-new-project/internal/adapters/http/modules/auth/service/auth_service.go:24.61,26.2 1 1
my-new-project/internal/adapters/http/modules/auth/service/auth_service.go:28.49,30.2 1 1
my-new-project/internal/adapters/http/modules/auth/service/auth_service.go:32.59,34.2 1 1
my-new-project/internal/adapters/http/modules/auth/repository/auth_repository.go:13.59,15.2 1 1
my-new-project/internal/adapters/http/modules/auth/repository/auth_repository.go:17.60,19.2 1 1
my-new-project/internal/adapters/http/modules/auth/repository/auth_repository.go:21.65,25.2 3 1
my-new-project/internal/adapters/http/modules/auth/repository/auth_repository.go:27.60,29.2 1 1
my-new-project/internal/adapters/http/modules/auth/repository/auth_repository.go:31.48,33.2 1 1
my-new-project/internal/adapters/http/modules/auth/repository/auth_repository.go:35.57,39.2 3 1
my-new-project/internal/adapters/http/modules/user/module.go:14.28,22.2 1 1
my-new-project/internal/adapters/http/modules/user/handlers/user_handler.go:17.62,19.2 1 1
my-new-project/internal/adapters/http/modules/user/handlers/user_handler.go:22.58,29.2 6 1
my-new-project/internal/adapters/http/modules/user/handlers/user_handler.go:31.70,33.64 2 1
my-new-project/internal/adapters/http/modules/user/handlers/user_handler.go:33.64,36.3 2 0
my-new-project/internal/adapters/http/modules/user/handlers/user_handler.go:38.2,38.54 1 1
my-new-project/internal/adapters/http/modules/user/handlers/user_handler.go:38.54,41.3 2 0
my-new-project/internal/adapters/http/modules/user/handlers/user_handler.go:43.2,44.35 2 1
my-new-project/internal/adapters/http/modules/user/handlers/user_handler.go:47.71,50.16 3 1
my-new-project/internal/adapters/http/modules/user/handlers/user_handler.go:50.16,53.3 2 0
my-new-project/internal/adapters/http/modules/user/handlers/user_handler.go:55.2,56.16 2 1
my-new-project/internal/adapters/http/modules/user/handlers/user_handler.go:56.16,59.3 2 0
my-new-project/internal/adapters/http/modules/user/handlers/user_handler.go:61.2,62.35 2 1
my-new-project/internal/adapters/http/modules/user/handlers/user_handler.go:65.70,68.16 3 1
my-new-project/internal/adapters/http/modules/user/handlers/user_handler.go:68.16,71.3 2 0
my-new-project/internal/adapters/http/modules/user/handlers/user_handler.go:73.2,74.64 2 1
my-new-project/internal/adapters/http/modules/user/handlers/user_handler.go:74.64,77.3 2 0
my-new-project/internal/adapters/http/modules/user/handlers/user_handler.go:79.2,80.54 2 1
my-new-project/internal/adapters/http/modules/user/handlers/user_handler.go:80.54,83.3 2 0
my-new-project/internal/adapters/http/modules/user/handlers/user_handler.go:85.2,86.35 2 1
my-new-project/internal/adapters/http/modules/user/handlers/user_handler.go:89.70,92.16 3 1
my-new-project/internal/adapters/http/modules/user/handlers/user_handler.go:92.16,95.3 2 0
my-new-project/internal/adapters/http/modules/user/handlers/user_handler.go:97.2,97.55 1 1
my-new-project/internal/adapters/http/modules/user/handlers/user_handler.go:97.55,100.3 2 0
my-new-project/internal/adapters/http/modules/user/handlers/user_handler.go:102.2,102.37 1 1
my-new-project/internal/adapters/http/modules/user/handlers/user_handler.go:105.68,107.16 2 1
my-new-project/internal/adapters/http/modules/user/handlers/user_handler.go:107.16,110.3 2 0
my-new-project/internal/adapters/http/modules/user/handlers/user_handler.go:112.2,113.37 2 1
my-new-project/internal/adapters/http/modules/user/service/user_service.go:12.68,14.2 1 1
my-new-project/internal/adapters/http/modules/user/service/user_service.go:16.61,18.2 1 1
my-new-project/internal/adapters/http/modules/user/service/user_service.go:20.66,22.2 1 1
my-new-project/internal/adapters/http/modules/user/service/user_service.go:24.61,26.2 1 1
my-new-project/internal/adapters/http/modules/user/service/user_service.go:28.49,30.2 1 1
my-new-project/internal/adapters/http/modules/user/service/user_service.go:32.59,34.2 1 1
my-new-project/internal/adapters/http/modules/user/repository/user_repository.go:13.59,15.2 1 1
my-new-project/internal/adapters/http/modules/user/repository/user_repository.go:17.60,19.2 1 1
my-new-project/internal/adapters/http/modules/user/repository/user_repository.go:21.65,25.2 3 1
my-new-project/internal/adapters/http/modules/user/repository/user_repository.go:27.60,29.2 1 1
my-new-project/internal/adapters/http/modules/user/repository/user_repository.go:31.48,33.2 1 1
my-new-project/internal/adapters/http/modules/user/repository/user_repository.go:35.57,39.2 3 1
my-new-project/internal/core/providers.go:13.42,17.2 1 0
my-new-project/internal/core/providers.go:19.38,20.41 1 1
my-new-project/internal/core/providers.go:20.41,23.2 2 1
my-new-project/internal/core/providers.go:24.3,25.66 2 0
my-new-project/internal/core/providers.go:25.66,27.4 1 0
my-new-project/internal/core/providers.go:28.3,29.56 2 0
my-new-project/internal/core/providers.go:33.42,34.49 1 1
my-new-project/internal/core/providers.go:34.49,36.10 1 1
my-new-project/internal/core/providers.go:37.9,37.24 1 1
